<?xml version="1.0" encoding="UTF-8"?>
<!-- Generated by org.testng.reporters.JUnitReportReporter -->
<testsuite hostname="Ashishs-MacBook-Air.local" failures="0" tests="1" name="ReadTheData.CreateOrgTest" time="0.009" errors="0" timestamp="2025-02-25T12:56:54 IST" skipped="0">
  <testcase classname="ReadTheData.CreateOrgTest" name="createOrgTest" time="0.009"/>
  <system-out/>
</testsuite> <!-- ReadTheData.CreateOrgTest -->
